2022-10-16 21:40:54.054[INFO ][159][RMI TCP Connection(300)-127.0.0.1] org.springframework.boot.admin.SpringApplicationAdminMXBeanRegistrar$SpringApplicationAdmin--Application shutdown requested.
2022-10-16 21:40:54.054[INFO ][173][RMI TCP Connection(300)-127.0.0.1] org.apache.juli.logging.DirectJDKLog--Pausing ProtocolHandler ["http-nio-8080"]
2022-10-16 21:40:54.054[INFO ][173][RMI TCP Connection(300)-127.0.0.1] org.apache.juli.logging.DirectJDKLog--Stopping service [Tomcat]
2022-10-16 21:40:54.054[INFO ][173][RMI TCP Connection(300)-127.0.0.1] org.apache.juli.logging.DirectJDKLog--Destroying Spring FrameworkServlet 'dispatcherServlet'
2022-10-16 21:40:54.054[INFO ][173][RMI TCP Connection(300)-127.0.0.1] org.apache.juli.logging.DirectJDKLog--Stopping ProtocolHandler ["http-nio-8080"]
2022-10-16 21:40:54.054[INFO ][173][RMI TCP Connection(300)-127.0.0.1] org.apache.juli.logging.DirectJDKLog--Destroying ProtocolHandler ["http-nio-8080"]
2022-10-16 21:40:54.054[INFO ][651][RMI TCP Connection(300)-127.0.0.1] org.springframework.orm.jpa.AbstractEntityManagerFactoryBean--Closing JPA EntityManagerFactory for persistence unit 'default'
2022-10-16 21:40:55.055[INFO ][350][RMI TCP Connection(300)-127.0.0.1] com.zaxxer.hikari.HikariDataSource--HikariPool-1 - Shutdown initiated...
2022-10-16 21:40:55.055[INFO ][352][RMI TCP Connection(300)-127.0.0.1] com.zaxxer.hikari.HikariDataSource--HikariPool-1 - Shutdown completed.
2022-10-16 21:41:02.002[INFO ][55][restartedMain] org.springframework.boot.StartupInfoLogger--Starting SmasterHomeApplication using Java 11.0.12 on DESKTOP-P9PGHFL with PID 14148 (C:\HiteshWork\SRIVN_WORKS\Dev\smaster\services\smaster-home\target\classes started by hitesh in C:\HiteshWork\SRIVN_WORKS\Dev\smaster\services\smaster-home)
2022-10-16 21:41:02.002[INFO ][640][restartedMain] org.springframework.boot.SpringApplication--The following 1 profile is active: "dev"
2022-10-16 21:41:02.002[INFO ][255][restartedMain] org.springframework.boot.logging.DeferredLog--Devtools property defaults active! Set 'spring.devtools.add-properties' to 'false' to disable
2022-10-16 21:41:02.002[INFO ][255][restartedMain] org.springframework.boot.logging.DeferredLog--For additional web related logging consider setting the 'logging.level.web' property to 'DEBUG'
2022-10-16 21:41:03.003[INFO ][132][restartedMain] org.springframework.data.repository.config.RepositoryConfigurationDelegate--Bootstrapping Spring Data JPA repositories in DEFAULT mode.
2022-10-16 21:41:03.003[INFO ][201][restartedMain] org.springframework.data.repository.config.RepositoryConfigurationDelegate--Finished Spring Data repository scanning in 56 ms. Found 1 JPA repository interfaces.
2022-10-16 21:41:04.004[INFO ][108][restartedMain] org.springframework.boot.web.embedded.tomcat.TomcatWebServer--Tomcat initialized with port(s): 8080 (http)
2022-10-16 21:41:04.004[INFO ][173][restartedMain] org.apache.juli.logging.DirectJDKLog--Initializing ProtocolHandler ["http-nio-8080"]
2022-10-16 21:41:04.004[INFO ][173][restartedMain] org.apache.juli.logging.DirectJDKLog--Starting service [Tomcat]
2022-10-16 21:41:04.004[INFO ][173][restartedMain] org.apache.juli.logging.DirectJDKLog--Starting Servlet engine: [Apache Tomcat/9.0.65]
2022-10-16 21:41:04.004[INFO ][173][restartedMain] org.apache.juli.logging.DirectJDKLog--Initializing Spring embedded WebApplicationContext
2022-10-16 21:41:04.004[INFO ][292][restartedMain] org.springframework.boot.web.servlet.context.ServletWebServerApplicationContext--Root WebApplicationContext: initialization completed in 2069 ms
2022-10-16 21:41:04.004[INFO ][31][restartedMain] org.hibernate.jpa.internal.util.LogHelper--HHH000204: Processing PersistenceUnitInfo [name: default]
2022-10-16 21:41:04.004[INFO ][44][restartedMain] org.hibernate.Version--HHH000412: Hibernate ORM core version 5.6.11.Final
2022-10-16 21:41:05.005[INFO ][56][restartedMain] org.hibernate.annotations.common.reflection.java.JavaReflectionManager--HCANN000001: Hibernate Commons Annotations {5.1.2.Final}
2022-10-16 21:41:05.005[INFO ][110][restartedMain] com.zaxxer.hikari.HikariDataSource--HikariPool-1 - Starting...
2022-10-16 21:41:05.005[INFO ][123][restartedMain] com.zaxxer.hikari.HikariDataSource--HikariPool-1 - Start completed.
2022-10-16 21:41:06.006[INFO ][175][restartedMain] org.hibernate.dialect.Dialect--HHH000400: Using dialect: org.hibernate.dialect.MySQL8Dialect
2022-10-16 21:41:06.006[INFO ][52][restartedMain] org.hibernate.engine.transaction.jta.platform.internal.JtaPlatformInitiator--HHH000490: Using JtaPlatform implementation: [org.hibernate.engine.transaction.jta.platform.internal.NoJtaPlatform]
2022-10-16 21:41:06.006[INFO ][437][restartedMain] org.springframework.orm.jpa.AbstractEntityManagerFactoryBean--Initialized JPA EntityManagerFactory for persistence unit 'default'
2022-10-16 21:41:07.007[WARN ][219][restartedMain] org.springframework.boot.autoconfigure.orm.jpa.JpaBaseConfiguration$JpaWebConfiguration--spring.jpa.open-in-view is enabled by default. Therefore, database queries may be performed during view rendering. Explicitly configure spring.jpa.open-in-view to disable this warning
2022-10-16 21:41:08.008[INFO ][59][restartedMain] org.springframework.boot.devtools.autoconfigure.OptionalLiveReloadServer--LiveReload server is running on port 35729
2022-10-16 21:41:08.008[INFO ][173][restartedMain] org.apache.juli.logging.DirectJDKLog--Starting ProtocolHandler ["http-nio-8080"]
2022-10-16 21:41:08.008[INFO ][220][restartedMain] org.springframework.boot.web.embedded.tomcat.TomcatWebServer--Tomcat started on port(s): 8080 (http) with context path '/smaster-home'
2022-10-16 21:41:08.008[INFO ][61][restartedMain] org.springframework.boot.StartupInfoLogger--Started SmasterHomeApplication in 6.298 seconds (JVM running for 7.47)
2022-10-16 21:41:08.008[INFO ][15][restartedMain] com.srivn.works.smaster.smasterhome.SmasterHomeApplication--Starting SmasterHomeApplication
2022-10-16 21:45:23.023[INFO ][173][http-nio-8080-exec-1] org.apache.juli.logging.DirectJDKLog--Initializing Spring DispatcherServlet 'dispatcherServlet'
2022-10-16 21:45:23.023[INFO ][525][http-nio-8080-exec-1] org.springframework.web.servlet.FrameworkServlet--Initializing Servlet 'dispatcherServlet'
2022-10-16 21:45:23.023[INFO ][547][http-nio-8080-exec-1] org.springframework.web.servlet.FrameworkServlet--Completed initialization in 2 ms
2022-10-16 21:50:07.007[INFO ][213][File Watcher] org.springframework.boot.devtools.autoconfigure.LocalDevToolsAutoConfiguration$RestartingClassPathChangeChangedEventListener--Restarting due to 1 class path change (1 addition, 0 deletions, 0 modifications)
2022-10-16 21:50:07.007[INFO ][173][Thread-5] org.apache.juli.logging.DirectJDKLog--Pausing ProtocolHandler ["http-nio-8080"]
2022-10-16 21:50:07.007[INFO ][173][Thread-5] org.apache.juli.logging.DirectJDKLog--Stopping service [Tomcat]
2022-10-16 21:50:07.007[INFO ][173][Thread-5] org.apache.juli.logging.DirectJDKLog--Destroying Spring FrameworkServlet 'dispatcherServlet'
2022-10-16 21:50:07.007[INFO ][173][Thread-5] org.apache.juli.logging.DirectJDKLog--Stopping ProtocolHandler ["http-nio-8080"]
2022-10-16 21:50:07.007[INFO ][173][Thread-5] org.apache.juli.logging.DirectJDKLog--Destroying ProtocolHandler ["http-nio-8080"]
2022-10-16 21:50:07.007[INFO ][651][Thread-5] org.springframework.orm.jpa.AbstractEntityManagerFactoryBean--Closing JPA EntityManagerFactory for persistence unit 'default'
2022-10-16 21:50:07.007[INFO ][350][Thread-5] com.zaxxer.hikari.HikariDataSource--HikariPool-1 - Shutdown initiated...
2022-10-16 21:50:07.007[INFO ][352][Thread-5] com.zaxxer.hikari.HikariDataSource--HikariPool-1 - Shutdown completed.
2022-10-16 21:50:07.007[INFO ][55][restartedMain] org.springframework.boot.StartupInfoLogger--Starting SmasterHomeApplication using Java 11.0.12 on DESKTOP-P9PGHFL with PID 14148 (C:\HiteshWork\SRIVN_WORKS\Dev\smaster\services\smaster-home\target\classes started by hitesh in C:\HiteshWork\SRIVN_WORKS\Dev\smaster\services\smaster-home)
2022-10-16 21:50:07.007[INFO ][640][restartedMain] org.springframework.boot.SpringApplication--The following 1 profile is active: "dev"
2022-10-16 21:50:07.007[INFO ][132][restartedMain] org.springframework.data.repository.config.RepositoryConfigurationDelegate--Bootstrapping Spring Data JPA repositories in DEFAULT mode.
2022-10-16 21:50:07.007[INFO ][201][restartedMain] org.springframework.data.repository.config.RepositoryConfigurationDelegate--Finished Spring Data repository scanning in 17 ms. Found 1 JPA repository interfaces.
2022-10-16 21:50:07.007[INFO ][108][restartedMain] org.springframework.boot.web.embedded.tomcat.TomcatWebServer--Tomcat initialized with port(s): 8080 (http)
2022-10-16 21:50:07.007[INFO ][173][restartedMain] org.apache.juli.logging.DirectJDKLog--Initializing ProtocolHandler ["http-nio-8080"]
2022-10-16 21:50:07.007[INFO ][173][restartedMain] org.apache.juli.logging.DirectJDKLog--Starting service [Tomcat]
2022-10-16 21:50:07.007[INFO ][173][restartedMain] org.apache.juli.logging.DirectJDKLog--Starting Servlet engine: [Apache Tomcat/9.0.65]
2022-10-16 21:50:08.008[INFO ][173][restartedMain] org.apache.juli.logging.DirectJDKLog--Initializing Spring embedded WebApplicationContext
2022-10-16 21:50:08.008[INFO ][292][restartedMain] org.springframework.boot.web.servlet.context.ServletWebServerApplicationContext--Root WebApplicationContext: initialization completed in 447 ms
2022-10-16 21:50:08.008[INFO ][31][restartedMain] org.hibernate.jpa.internal.util.LogHelper--HHH000204: Processing PersistenceUnitInfo [name: default]
2022-10-16 21:50:08.008[INFO ][110][restartedMain] com.zaxxer.hikari.HikariDataSource--HikariPool-2 - Starting...
2022-10-16 21:50:08.008[INFO ][123][restartedMain] com.zaxxer.hikari.HikariDataSource--HikariPool-2 - Start completed.
2022-10-16 21:50:08.008[INFO ][175][restartedMain] org.hibernate.dialect.Dialect--HHH000400: Using dialect: org.hibernate.dialect.MySQL8Dialect
2022-10-16 21:50:08.008[INFO ][52][restartedMain] org.hibernate.engine.transaction.jta.platform.internal.JtaPlatformInitiator--HHH000490: Using JtaPlatform implementation: [org.hibernate.engine.transaction.jta.platform.internal.NoJtaPlatform]
2022-10-16 21:50:08.008[INFO ][437][restartedMain] org.springframework.orm.jpa.AbstractEntityManagerFactoryBean--Initialized JPA EntityManagerFactory for persistence unit 'default'
2022-10-16 21:50:08.008[WARN ][219][restartedMain] org.springframework.boot.autoconfigure.orm.jpa.JpaBaseConfiguration$JpaWebConfiguration--spring.jpa.open-in-view is enabled by default. Therefore, database queries may be performed during view rendering. Explicitly configure spring.jpa.open-in-view to disable this warning
2022-10-16 21:50:08.008[INFO ][59][restartedMain] org.springframework.boot.devtools.autoconfigure.OptionalLiveReloadServer--LiveReload server is running on port 35729
2022-10-16 21:50:08.008[INFO ][173][restartedMain] org.apache.juli.logging.DirectJDKLog--Starting ProtocolHandler ["http-nio-8080"]
2022-10-16 21:50:08.008[INFO ][220][restartedMain] org.springframework.boot.web.embedded.tomcat.TomcatWebServer--Tomcat started on port(s): 8080 (http) with context path '/smaster-home'
2022-10-16 21:50:08.008[INFO ][61][restartedMain] org.springframework.boot.StartupInfoLogger--Started SmasterHomeApplication in 0.979 seconds (JVM running for 547.893)
2022-10-16 21:50:08.008[INFO ][63][restartedMain] org.springframework.boot.devtools.autoconfigure.ConditionEvaluationDeltaLoggingListener--Condition evaluation unchanged
2022-10-16 21:50:08.008[INFO ][15][restartedMain] com.srivn.works.smaster.smasterhome.SmasterHomeApplication--Starting SmasterHomeApplication
2022-10-16 21:50:23.023[INFO ][213][File Watcher] org.springframework.boot.devtools.autoconfigure.LocalDevToolsAutoConfiguration$RestartingClassPathChangeChangedEventListener--Restarting due to 2 class path changes (1 addition, 1 deletion, 0 modifications)
2022-10-16 21:50:23.023[INFO ][173][Thread-7] org.apache.juli.logging.DirectJDKLog--Pausing ProtocolHandler ["http-nio-8080"]
2022-10-16 21:50:23.023[INFO ][173][Thread-7] org.apache.juli.logging.DirectJDKLog--Stopping service [Tomcat]
2022-10-16 21:50:23.023[INFO ][173][Thread-7] org.apache.juli.logging.DirectJDKLog--Stopping ProtocolHandler ["http-nio-8080"]
2022-10-16 21:50:23.023[INFO ][173][Thread-7] org.apache.juli.logging.DirectJDKLog--Destroying ProtocolHandler ["http-nio-8080"]
2022-10-16 21:50:23.023[INFO ][651][Thread-7] org.springframework.orm.jpa.AbstractEntityManagerFactoryBean--Closing JPA EntityManagerFactory for persistence unit 'default'
2022-10-16 21:50:23.023[INFO ][350][Thread-7] com.zaxxer.hikari.HikariDataSource--HikariPool-2 - Shutdown initiated...
2022-10-16 21:50:23.023[INFO ][352][Thread-7] com.zaxxer.hikari.HikariDataSource--HikariPool-2 - Shutdown completed.
2022-10-16 21:50:23.023[INFO ][55][restartedMain] org.springframework.boot.StartupInfoLogger--Starting SmasterHomeApplication using Java 11.0.12 on DESKTOP-P9PGHFL with PID 14148 (C:\HiteshWork\SRIVN_WORKS\Dev\smaster\services\smaster-home\target\classes started by hitesh in C:\HiteshWork\SRIVN_WORKS\Dev\smaster\services\smaster-home)
2022-10-16 21:50:23.023[INFO ][640][restartedMain] org.springframework.boot.SpringApplication--The following 1 profile is active: "dev"
2022-10-16 21:50:24.024[INFO ][132][restartedMain] org.springframework.data.repository.config.RepositoryConfigurationDelegate--Bootstrapping Spring Data JPA repositories in DEFAULT mode.
2022-10-16 21:50:24.024[INFO ][201][restartedMain] org.springframework.data.repository.config.RepositoryConfigurationDelegate--Finished Spring Data repository scanning in 16 ms. Found 1 JPA repository interfaces.
2022-10-16 21:50:24.024[INFO ][108][restartedMain] org.springframework.boot.web.embedded.tomcat.TomcatWebServer--Tomcat initialized with port(s): 8080 (http)
2022-10-16 21:50:24.024[INFO ][173][restartedMain] org.apache.juli.logging.DirectJDKLog--Initializing ProtocolHandler ["http-nio-8080"]
2022-10-16 21:50:24.024[INFO ][173][restartedMain] org.apache.juli.logging.DirectJDKLog--Starting service [Tomcat]
2022-10-16 21:50:24.024[INFO ][173][restartedMain] org.apache.juli.logging.DirectJDKLog--Starting Servlet engine: [Apache Tomcat/9.0.65]
2022-10-16 21:50:24.024[INFO ][173][restartedMain] org.apache.juli.logging.DirectJDKLog--Initializing Spring embedded WebApplicationContext
2022-10-16 21:50:24.024[INFO ][292][restartedMain] org.springframework.boot.web.servlet.context.ServletWebServerApplicationContext--Root WebApplicationContext: initialization completed in 437 ms
2022-10-16 21:50:24.024[INFO ][31][restartedMain] org.hibernate.jpa.internal.util.LogHelper--HHH000204: Processing PersistenceUnitInfo [name: default]
2022-10-16 21:50:24.024[INFO ][110][restartedMain] com.zaxxer.hikari.HikariDataSource--HikariPool-3 - Starting...
2022-10-16 21:50:24.024[INFO ][123][restartedMain] com.zaxxer.hikari.HikariDataSource--HikariPool-3 - Start completed.
2022-10-16 21:50:24.024[INFO ][175][restartedMain] org.hibernate.dialect.Dialect--HHH000400: Using dialect: org.hibernate.dialect.MySQL8Dialect
2022-10-16 21:50:24.024[INFO ][52][restartedMain] org.hibernate.engine.transaction.jta.platform.internal.JtaPlatformInitiator--HHH000490: Using JtaPlatform implementation: [org.hibernate.engine.transaction.jta.platform.internal.NoJtaPlatform]
2022-10-16 21:50:24.024[INFO ][437][restartedMain] org.springframework.orm.jpa.AbstractEntityManagerFactoryBean--Initialized JPA EntityManagerFactory for persistence unit 'default'
2022-10-16 21:50:24.024[WARN ][219][restartedMain] org.springframework.boot.autoconfigure.orm.jpa.JpaBaseConfiguration$JpaWebConfiguration--spring.jpa.open-in-view is enabled by default. Therefore, database queries may be performed during view rendering. Explicitly configure spring.jpa.open-in-view to disable this warning
2022-10-16 21:50:24.024[INFO ][59][restartedMain] org.springframework.boot.devtools.autoconfigure.OptionalLiveReloadServer--LiveReload server is running on port 35729
2022-10-16 21:50:24.024[INFO ][173][restartedMain] org.apache.juli.logging.DirectJDKLog--Starting ProtocolHandler ["http-nio-8080"]
2022-10-16 21:50:24.024[INFO ][220][restartedMain] org.springframework.boot.web.embedded.tomcat.TomcatWebServer--Tomcat started on port(s): 8080 (http) with context path '/smaster-home'
2022-10-16 21:50:24.024[INFO ][61][restartedMain] org.springframework.boot.StartupInfoLogger--Started SmasterHomeApplication in 1.025 seconds (JVM running for 564.143)
2022-10-16 21:50:24.024[INFO ][63][restartedMain] org.springframework.boot.devtools.autoconfigure.ConditionEvaluationDeltaLoggingListener--Condition evaluation unchanged
2022-10-16 21:50:24.024[INFO ][15][restartedMain] com.srivn.works.smaster.smasterhome.SmasterHomeApplication--Starting SmasterHomeApplication
2022-10-16 21:51:05.005[INFO ][213][File Watcher] org.springframework.boot.devtools.autoconfigure.LocalDevToolsAutoConfiguration$RestartingClassPathChangeChangedEventListener--Restarting due to 2 class path changes (1 addition, 0 deletions, 1 modification)
2022-10-16 21:51:05.005[INFO ][173][Thread-11] org.apache.juli.logging.DirectJDKLog--Pausing ProtocolHandler ["http-nio-8080"]
2022-10-16 21:51:05.005[INFO ][173][Thread-11] org.apache.juli.logging.DirectJDKLog--Stopping service [Tomcat]
2022-10-16 21:51:05.005[INFO ][173][Thread-11] org.apache.juli.logging.DirectJDKLog--Stopping ProtocolHandler ["http-nio-8080"]
2022-10-16 21:51:05.005[INFO ][173][Thread-11] org.apache.juli.logging.DirectJDKLog--Destroying ProtocolHandler ["http-nio-8080"]
2022-10-16 21:51:05.005[INFO ][651][Thread-11] org.springframework.orm.jpa.AbstractEntityManagerFactoryBean--Closing JPA EntityManagerFactory for persistence unit 'default'
2022-10-16 21:51:05.005[INFO ][350][Thread-11] com.zaxxer.hikari.HikariDataSource--HikariPool-3 - Shutdown initiated...
2022-10-16 21:51:05.005[INFO ][352][Thread-11] com.zaxxer.hikari.HikariDataSource--HikariPool-3 - Shutdown completed.
2022-10-16 21:51:05.005[INFO ][55][restartedMain] org.springframework.boot.StartupInfoLogger--Starting SmasterHomeApplication using Java 11.0.12 on DESKTOP-P9PGHFL with PID 14148 (C:\HiteshWork\SRIVN_WORKS\Dev\smaster\services\smaster-home\target\classes started by hitesh in C:\HiteshWork\SRIVN_WORKS\Dev\smaster\services\smaster-home)
2022-10-16 21:51:05.005[INFO ][640][restartedMain] org.springframework.boot.SpringApplication--The following 1 profile is active: "dev"
2022-10-16 21:51:05.005[INFO ][132][restartedMain] org.springframework.data.repository.config.RepositoryConfigurationDelegate--Bootstrapping Spring Data JPA repositories in DEFAULT mode.
2022-10-16 21:51:05.005[INFO ][201][restartedMain] org.springframework.data.repository.config.RepositoryConfigurationDelegate--Finished Spring Data repository scanning in 20 ms. Found 1 JPA repository interfaces.
2022-10-16 21:51:06.006[INFO ][108][restartedMain] org.springframework.boot.web.embedded.tomcat.TomcatWebServer--Tomcat initialized with port(s): 8080 (http)
2022-10-16 21:51:06.006[INFO ][173][restartedMain] org.apache.juli.logging.DirectJDKLog--Initializing ProtocolHandler ["http-nio-8080"]
2022-10-16 21:51:06.006[INFO ][173][restartedMain] org.apache.juli.logging.DirectJDKLog--Starting service [Tomcat]
2022-10-16 21:51:06.006[INFO ][173][restartedMain] org.apache.juli.logging.DirectJDKLog--Starting Servlet engine: [Apache Tomcat/9.0.65]
2022-10-16 21:51:06.006[INFO ][173][restartedMain] org.apache.juli.logging.DirectJDKLog--Initializing Spring embedded WebApplicationContext
2022-10-16 21:51:06.006[INFO ][292][restartedMain] org.springframework.boot.web.servlet.context.ServletWebServerApplicationContext--Root WebApplicationContext: initialization completed in 538 ms
2022-10-16 21:51:06.006[INFO ][31][restartedMain] org.hibernate.jpa.internal.util.LogHelper--HHH000204: Processing PersistenceUnitInfo [name: default]
2022-10-16 21:51:06.006[INFO ][110][restartedMain] com.zaxxer.hikari.HikariDataSource--HikariPool-4 - Starting...
2022-10-16 21:51:06.006[INFO ][123][restartedMain] com.zaxxer.hikari.HikariDataSource--HikariPool-4 - Start completed.
2022-10-16 21:51:06.006[INFO ][175][restartedMain] org.hibernate.dialect.Dialect--HHH000400: Using dialect: org.hibernate.dialect.MySQL8Dialect
2022-10-16 21:51:06.006[INFO ][52][restartedMain] org.hibernate.engine.transaction.jta.platform.internal.JtaPlatformInitiator--HHH000490: Using JtaPlatform implementation: [org.hibernate.engine.transaction.jta.platform.internal.NoJtaPlatform]
2022-10-16 21:51:06.006[INFO ][437][restartedMain] org.springframework.orm.jpa.AbstractEntityManagerFactoryBean--Initialized JPA EntityManagerFactory for persistence unit 'default'
2022-10-16 21:51:06.006[WARN ][219][restartedMain] org.springframework.boot.autoconfigure.orm.jpa.JpaBaseConfiguration$JpaWebConfiguration--spring.jpa.open-in-view is enabled by default. Therefore, database queries may be performed during view rendering. Explicitly configure spring.jpa.open-in-view to disable this warning
2022-10-16 21:51:06.006[INFO ][59][restartedMain] org.springframework.boot.devtools.autoconfigure.OptionalLiveReloadServer--LiveReload server is running on port 35729
2022-10-16 21:51:06.006[INFO ][173][restartedMain] org.apache.juli.logging.DirectJDKLog--Starting ProtocolHandler ["http-nio-8080"]
2022-10-16 21:51:06.006[INFO ][220][restartedMain] org.springframework.boot.web.embedded.tomcat.TomcatWebServer--Tomcat started on port(s): 8080 (http) with context path '/smaster-home'
2022-10-16 21:51:06.006[INFO ][61][restartedMain] org.springframework.boot.StartupInfoLogger--Started SmasterHomeApplication in 1.161 seconds (JVM running for 606.003)
2022-10-16 21:51:06.006[INFO ][63][restartedMain] org.springframework.boot.devtools.autoconfigure.ConditionEvaluationDeltaLoggingListener--Condition evaluation unchanged
2022-10-16 21:51:06.006[INFO ][15][restartedMain] com.srivn.works.smaster.smasterhome.SmasterHomeApplication--Starting SmasterHomeApplication
2022-10-16 21:51:52.052[INFO ][213][File Watcher] org.springframework.boot.devtools.autoconfigure.LocalDevToolsAutoConfiguration$RestartingClassPathChangeChangedEventListener--Restarting due to 2 class path changes (0 additions, 0 deletions, 2 modifications)
2022-10-16 21:51:52.052[INFO ][173][Thread-15] org.apache.juli.logging.DirectJDKLog--Pausing ProtocolHandler ["http-nio-8080"]
2022-10-16 21:51:52.052[INFO ][173][Thread-15] org.apache.juli.logging.DirectJDKLog--Stopping service [Tomcat]
2022-10-16 21:51:52.052[INFO ][173][Thread-15] org.apache.juli.logging.DirectJDKLog--Stopping ProtocolHandler ["http-nio-8080"]
2022-10-16 21:51:52.052[INFO ][173][Thread-15] org.apache.juli.logging.DirectJDKLog--Destroying ProtocolHandler ["http-nio-8080"]
2022-10-16 21:51:52.052[INFO ][651][Thread-15] org.springframework.orm.jpa.AbstractEntityManagerFactoryBean--Closing JPA EntityManagerFactory for persistence unit 'default'
2022-10-16 21:51:52.052[INFO ][350][Thread-15] com.zaxxer.hikari.HikariDataSource--HikariPool-4 - Shutdown initiated...
2022-10-16 21:51:52.052[INFO ][352][Thread-15] com.zaxxer.hikari.HikariDataSource--HikariPool-4 - Shutdown completed.
2022-10-16 21:51:52.052[INFO ][55][restartedMain] org.springframework.boot.StartupInfoLogger--Starting SmasterHomeApplication using Java 11.0.12 on DESKTOP-P9PGHFL with PID 14148 (C:\HiteshWork\SRIVN_WORKS\Dev\smaster\services\smaster-home\target\classes started by hitesh in C:\HiteshWork\SRIVN_WORKS\Dev\smaster\services\smaster-home)
2022-10-16 21:51:52.052[INFO ][640][restartedMain] org.springframework.boot.SpringApplication--The following 1 profile is active: "dev"
2022-10-16 21:51:52.052[INFO ][132][restartedMain] org.springframework.data.repository.config.RepositoryConfigurationDelegate--Bootstrapping Spring Data JPA repositories in DEFAULT mode.
2022-10-16 21:51:52.052[INFO ][201][restartedMain] org.springframework.data.repository.config.RepositoryConfigurationDelegate--Finished Spring Data repository scanning in 20 ms. Found 1 JPA repository interfaces.
2022-10-16 21:51:52.052[INFO ][108][restartedMain] org.springframework.boot.web.embedded.tomcat.TomcatWebServer--Tomcat initialized with port(s): 8080 (http)
2022-10-16 21:51:52.052[INFO ][173][restartedMain] org.apache.juli.logging.DirectJDKLog--Initializing ProtocolHandler ["http-nio-8080"]
2022-10-16 21:51:52.052[INFO ][173][restartedMain] org.apache.juli.logging.DirectJDKLog--Starting service [Tomcat]
2022-10-16 21:51:52.052[INFO ][173][restartedMain] org.apache.juli.logging.DirectJDKLog--Starting Servlet engine: [Apache Tomcat/9.0.65]
2022-10-16 21:51:52.052[INFO ][173][restartedMain] org.apache.juli.logging.DirectJDKLog--Initializing Spring embedded WebApplicationContext
2022-10-16 21:51:52.052[INFO ][292][restartedMain] org.springframework.boot.web.servlet.context.ServletWebServerApplicationContext--Root WebApplicationContext: initialization completed in 486 ms
2022-10-16 21:51:53.053[INFO ][31][restartedMain] org.hibernate.jpa.internal.util.LogHelper--HHH000204: Processing PersistenceUnitInfo [name: default]
2022-10-16 21:51:53.053[INFO ][110][restartedMain] com.zaxxer.hikari.HikariDataSource--HikariPool-5 - Starting...
2022-10-16 21:51:53.053[INFO ][123][restartedMain] com.zaxxer.hikari.HikariDataSource--HikariPool-5 - Start completed.
2022-10-16 21:51:53.053[INFO ][175][restartedMain] org.hibernate.dialect.Dialect--HHH000400: Using dialect: org.hibernate.dialect.MySQL8Dialect
2022-10-16 21:51:53.053[INFO ][52][restartedMain] org.hibernate.engine.transaction.jta.platform.internal.JtaPlatformInitiator--HHH000490: Using JtaPlatform implementation: [org.hibernate.engine.transaction.jta.platform.internal.NoJtaPlatform]
2022-10-16 21:51:53.053[INFO ][437][restartedMain] org.springframework.orm.jpa.AbstractEntityManagerFactoryBean--Initialized JPA EntityManagerFactory for persistence unit 'default'
2022-10-16 21:51:53.053[WARN ][219][restartedMain] org.springframework.boot.autoconfigure.orm.jpa.JpaBaseConfiguration$JpaWebConfiguration--spring.jpa.open-in-view is enabled by default. Therefore, database queries may be performed during view rendering. Explicitly configure spring.jpa.open-in-view to disable this warning
2022-10-16 21:51:53.053[INFO ][59][restartedMain] org.springframework.boot.devtools.autoconfigure.OptionalLiveReloadServer--LiveReload server is running on port 35729
2022-10-16 21:51:53.053[INFO ][173][restartedMain] org.apache.juli.logging.DirectJDKLog--Starting ProtocolHandler ["http-nio-8080"]
2022-10-16 21:51:53.053[INFO ][220][restartedMain] org.springframework.boot.web.embedded.tomcat.TomcatWebServer--Tomcat started on port(s): 8080 (http) with context path '/smaster-home'
2022-10-16 21:51:53.053[INFO ][61][restartedMain] org.springframework.boot.StartupInfoLogger--Started SmasterHomeApplication in 1.064 seconds (JVM running for 652.896)
2022-10-16 21:51:53.053[INFO ][63][restartedMain] org.springframework.boot.devtools.autoconfigure.ConditionEvaluationDeltaLoggingListener--Condition evaluation unchanged
2022-10-16 21:51:53.053[INFO ][15][restartedMain] com.srivn.works.smaster.smasterhome.SmasterHomeApplication--Starting SmasterHomeApplication
2022-10-16 21:52:27.027[INFO ][213][File Watcher] org.springframework.boot.devtools.autoconfigure.LocalDevToolsAutoConfiguration$RestartingClassPathChangeChangedEventListener--Restarting due to 1 class path change (0 additions, 0 deletions, 1 modification)
2022-10-16 21:52:28.028[INFO ][173][Thread-19] org.apache.juli.logging.DirectJDKLog--Pausing ProtocolHandler ["http-nio-8080"]
2022-10-16 21:52:28.028[INFO ][173][Thread-19] org.apache.juli.logging.DirectJDKLog--Stopping service [Tomcat]
2022-10-16 21:52:28.028[INFO ][173][Thread-19] org.apache.juli.logging.DirectJDKLog--Stopping ProtocolHandler ["http-nio-8080"]
2022-10-16 21:52:28.028[INFO ][173][Thread-19] org.apache.juli.logging.DirectJDKLog--Destroying ProtocolHandler ["http-nio-8080"]
2022-10-16 21:52:28.028[INFO ][651][Thread-19] org.springframework.orm.jpa.AbstractEntityManagerFactoryBean--Closing JPA EntityManagerFactory for persistence unit 'default'
2022-10-16 21:52:28.028[INFO ][350][Thread-19] com.zaxxer.hikari.HikariDataSource--HikariPool-5 - Shutdown initiated...
2022-10-16 21:52:28.028[INFO ][352][Thread-19] com.zaxxer.hikari.HikariDataSource--HikariPool-5 - Shutdown completed.
